<?xml version="1.0" encoding="UTF-8"?>
<testsuite xmlns:xsi="http://www.w3.org/2001/XMLSchema-instance" xsi:noNamespaceSchemaLocation="https://maven.apache.org/surefire/maven-surefire-plugin/xsd/surefire-test-report-3.0.xsd" version="3.0" name="cucumberTest.TestRunner" time="10.641" tests="1" errors="0" skipped="0" failures="0">
  <properties>
    <property name="java.specification.version" value="18"/>
    <property name="sun.jnu.encoding" value="UTF-8"/>
    <property name="java.class.path" value="/Users/jaydave/eclipse-workspace/CucumberPracticeproject1/target/test-classes:/Users/jaydave/eclipse-workspace/CucumberPracticeproject1/target/classes:/Users/jaydave/.m2/repository/io/cucumber/cucumber-java/7.3.2/cucumber-java-7.3.2.jar:/Users/jaydave/.m2/repository/io/cucumber/cucumber-core/7.3.2/cucumber-core-7.3.2.jar:/Users/jaydave/.m2/repository/io/cucumber/cucumber-gherkin/7.3.2/cucumber-gherkin-7.3.2.jar:/Users/jaydave/.m2/repository/io/cucumber/cucumber-gherkin-messages/7.3.2/cucumber-gherkin-messages-7.3.2.jar:/Users/jaydave/.m2/repository/io/cucumber/tag-expressions/4.1.0/tag-expressions-4.1.0.jar:/Users/jaydave/.m2/repository/io/cucumber/cucumber-expressions/15.1.1/cucumber-expressions-15.1.1.jar:/Users/jaydave/.m2/repository/io/cucumber/datatable/7.3.2/datatable-7.3.2.jar:/Users/jaydave/.m2/repository/io/cucumber/cucumber-plugin/7.3.2/cucumber-plugin-7.3.2.jar:/Users/jaydave/.m2/repository/io/cucumber/docstring/7.3.2/docstring-7.3.2.jar:/Users/jaydave/.m2/repository/io/cucumber/html-formatter/19.1.0/html-formatter-19.1.0.jar:/Users/jaydave/.m2/repository/io/cucumber/ci-environment/9.0.4/ci-environment-9.0.4.jar:/Users/jaydave/.m2/repository/org/apiguardian/apiguardian-api/1.1.2/apiguardian-api-1.1.2.jar:/Users/jaydave/.m2/repository/junit/junit/4.13.2/junit-4.13.2.jar:/Users/jaydave/.m2/repository/org/hamcrest/hamcrest-core/1.3/hamcrest-core-1.3.jar:/Users/jaydave/.m2/repository/org/seleniumhq/selenium/selenium-server/4.0.0-alpha-2/selenium-server-4.0.0-alpha-2.jar:/Users/jaydave/.m2/repository/org/seleniumhq/selenium/selenium-java/4.0.0-alpha-2/selenium-java-4.0.0-alpha-2.jar:/Users/jaydave/.m2/repository/org/seleniumhq/selenium/selenium-chrome-driver/4.0.0-alpha-2/selenium-chrome-driver-4.0.0-alpha-2.jar:/Users/jaydave/.m2/repository/org/seleniumhq/selenium/selenium-chromium-driver/4.0.0-alpha-2/selenium-chromium-driver-4.0.0-alpha-2.jar:/Users/jaydave/.m2/repository/org/seleniumhq/selenium/selenium-edgehtml-driver/4.0.0-alpha-2/selenium-edgehtml-driver-4.0.0-alpha-2.jar:/Users/jaydave/.m2/repository/org/seleniumhq/selenium/selenium-edge-driver/4.0.0-alpha-2/selenium-edge-driver-4.0.0-alpha-2.jar:/Users/jaydave/.m2/repository/org/seleniumhq/selenium/selenium-firefox-xpi-driver/4.0.0-alpha-2/selenium-firefox-xpi-driver-4.0.0-alpha-2.jar:/Users/jaydave/.m2/repository/org/seleniumhq/selenium/selenium-ie-driver/4.0.0-alpha-2/selenium-ie-driver-4.0.0-alpha-2.jar:/Users/jaydave/.m2/repository/org/seleniumhq/selenium/selenium-remote-driver/4.0.0-alpha-2/selenium-remote-driver-4.0.0-alpha-2.jar:/Users/jaydave/.m2/repository/org/seleniumhq/selenium/selenium-api/4.0.0-alpha-2/selenium-api-4.0.0-alpha-2.jar:/Users/jaydave/.m2/repository/net/bytebuddy/byte-buddy/1.9.12/byte-buddy-1.9.12.jar:/Users/jaydave/.m2/repository/org/apache/commons/commons-exec/1.3/commons-exec-1.3.jar:/Users/jaydave/.m2/repository/io/opentracing/contrib/opentracing-tracerresolver/0.1.7/opentracing-tracerresolver-0.1.7.jar:/Users/jaydave/.m2/repository/io/opentracing/opentracing-api/0.33.0/opentracing-api-0.33.0.jar:/Users/jaydave/.m2/repository/com/squareup/okhttp3/okhttp/3.14.0/okhttp-3.14.0.jar:/Users/jaydave/.m2/repository/com/squareup/okio/okio/1.17.2/okio-1.17.2.jar:/Users/jaydave/.m2/repository/io/opentracing/opentracing-util/0.33.0/opentracing-util-0.33.0.jar:/Users/jaydave/.m2/repository/io/opentracing/opentracing-noop/0.33.0/opentracing-noop-0.33.0.jar:/Users/jaydave/.m2/repository/org/seleniumhq/selenium/selenium-opera-driver/4.0.0-alpha-2/selenium-opera-driver-4.0.0-alpha-2.jar:/Users/jaydave/.m2/repository/org/seleniumhq/selenium/selenium-safari-driver/4.0.0-alpha-2/selenium-safari-driver-4.0.0-alpha-2.jar:/Users/jaydave/.m2/repository/org/seleniumhq/selenium/selenium-support/4.0.0-alpha-2/selenium-support-4.0.0-alpha-2.jar:/Users/jaydave/.m2/repository/org/seleniumhq/selenium/grid/4.0.0-alpha-2/grid-4.0.0-alpha-2.jar:/Users/jaydave/.m2/repository/org/seleniumhq/selenium/selenium-firefox-driver/4.0.0-alpha-2/selenium-firefox-driver-4.0.0-alpha-2.jar:/Users/jaydave/.m2/repository/com/beust/jcommander/1.72/jcommander-1.72.jar:/Users/jaydave/.m2/repository/org/seleniumhq/selenium/jetty-repacked/9.4.12.v20180830.1/jetty-repacked-9.4.12.v20180830.1.jar:/Users/jaydave/.m2/repository/javax/servlet/javax.servlet-api/3.1.0/javax.servlet-api-3.1.0.jar:/Users/jaydave/.m2/repository/org/zeromq/jeromq/0.5.1/jeromq-0.5.1.jar:/Users/jaydave/.m2/repository/eu/neilalexander/jnacl/1.0.0/jnacl-1.0.0.jar:/Users/jaydave/.m2/repository/net/jcip/jcip-annotations/1.0/jcip-annotations-1.0.jar:/Users/jaydave/.m2/repository/org/yaml/snakeyaml/1.24/snakeyaml-1.24.jar:/Users/jaydave/.m2/repository/io/cucumber/gherkin/23.0.1/gherkin-23.0.1.jar:/Users/jaydave/.m2/repository/io/cucumber/messages/18.0.0/messages-18.0.0.jar:/Users/jaydave/.m2/repository/net/masterthought/cucumber-reporting/5.7.0/cucumber-reporting-5.7.0.jar:/Users/jaydave/.m2/repository/com/fasterxml/jackson/core/jackson-databind/2.13.0/jackson-databind-2.13.0.jar:/Users/jaydave/.m2/repository/com/fasterxml/jackson/core/jackson-annotations/2.13.0/jackson-annotations-2.13.0.jar:/Users/jaydave/.m2/repository/com/fasterxml/jackson/core/jackson-core/2.13.0/jackson-core-2.13.0.jar:/Users/jaydave/.m2/repository/com/fasterxml/jackson/datatype/jackson-datatype-jsr310/2.13.0/jackson-datatype-jsr310-2.13.0.jar:/Users/jaydave/.m2/repository/org/apache/velocity/velocity-engine-core/2.3/velocity-engine-core-2.3.jar:/Users/jaydave/.m2/repository/org/slf4j/slf4j-api/1.7.30/slf4j-api-1.7.30.jar:/Users/jaydave/.m2/repository/commons-collections/commons-collections/3.2.2/commons-collections-3.2.2.jar:/Users/jaydave/.m2/repository/joda-time/joda-time/2.10.10/joda-time-2.10.10.jar:/Users/jaydave/.m2/repository/org/apache/commons/commons-lang3/3.12.0/commons-lang3-3.12.0.jar:/Users/jaydave/.m2/repository/commons-io/commons-io/2.7/commons-io-2.7.jar:/Users/jaydave/.m2/repository/org/codehaus/plexus/plexus-utils/3.3.0/plexus-utils-3.3.0.jar:/Users/jaydave/.m2/repository/org/jsoup/jsoup/1.14.2/jsoup-1.14.2.jar:/Users/jaydave/.m2/repository/com/google/guava/guava/30.1.1-jre/guava-30.1.1-jre.jar:/Users/jaydave/.m2/repository/com/google/guava/failureaccess/1.0.1/failureaccess-1.0.1.jar:/Users/jaydave/.m2/repository/com/google/guava/listenablefuture/9999.0-empty-to-avoid-conflict-with-guava/listenablefuture-9999.0-empty-to-avoid-conflict-with-guava.jar:/Users/jaydave/.m2/repository/com/google/code/findbugs/jsr305/3.0.2/jsr305-3.0.2.jar:/Users/jaydave/.m2/repository/org/checkerframework/checker-qual/3.8.0/checker-qual-3.8.0.jar:/Users/jaydave/.m2/repository/com/google/errorprone/error_prone_annotations/2.5.1/error_prone_annotations-2.5.1.jar:/Users/jaydave/.m2/repository/com/google/j2objc/j2objc-annotations/1.3/j2objc-annotations-1.3.jar:/Users/jaydave/.m2/repository/com/googlecode/owasp-java-html-sanitizer/owasp-java-html-sanitizer/20211018.2/owasp-java-html-sanitizer-20211018.2.jar:/Users/jaydave/.m2/repository/commons-configuration/commons-configuration/1.10/commons-configuration-1.10.jar:/Users/jaydave/.m2/repository/commons-lang/commons-lang/2.6/commons-lang-2.6.jar:/Users/jaydave/.m2/repository/commons-logging/commons-logging/1.1.1/commons-logging-1.1.1.jar:/Users/jaydave/.m2/repository/io/cucumber/cucumber-junit/7.3.2/cucumber-junit-7.3.2.jar:/Users/jaydave/.m2/repository/io/cucumber/cucumber-jvm-deps/1.0.6/cucumber-jvm-deps-1.0.6.jar:"/>
    <property name="java.vm.vendor" value="Oracle Corporation"/>
    <property name="sun.arch.data.model" value="64"/>
    <property name="java.vendor.url" value="https://java.oracle.com/"/>
    <property name="os.name" value="Mac OS X"/>
    <property name="java.vm.specification.version" value="18"/>
    <property name="sun.java.launcher" value="SUN_STANDARD"/>
    <property name="user.country" value="CA"/>
    <property name="sun.boot.library.path" value="/Library/Java/JavaVirtualMachines/jdk-18.jdk/Contents/Home/lib"/>
    <property name="sun.java.command" value="/Users/jaydave/eclipse-workspace/CucumberPracticeproject1/target/surefire/surefirebooter15503957637219168561.jar /Users/jaydave/eclipse-workspace/CucumberPracticeproject1/target/surefire 2022-04-28T14-04-36_260-jvmRun1 surefire8139198154224803841tmp surefire_05886393719913443925tmp"/>
    <property name="http.nonProxyHosts" value="local|*.local|169.254/16|*.169.254/16"/>
    <property name="jdk.debug" value="release"/>
    <property name="surefire.test.class.path" value="/Users/jaydave/eclipse-workspace/CucumberPracticeproject1/target/test-classes:/Users/jaydave/eclipse-workspace/CucumberPracticeproject1/target/classes:/Users/jaydave/.m2/repository/io/cucumber/cucumber-java/7.3.2/cucumber-java-7.3.2.jar:/Users/jaydave/.m2/repository/io/cucumber/cucumber-core/7.3.2/cucumber-core-7.3.2.jar:/Users/jaydave/.m2/repository/io/cucumber/cucumber-gherkin/7.3.2/cucumber-gherkin-7.3.2.jar:/Users/jaydave/.m2/repository/io/cucumber/cucumber-gherkin-messages/7.3.2/cucumber-gherkin-messages-7.3.2.jar:/Users/jaydave/.m2/repository/io/cucumber/tag-expressions/4.1.0/tag-expressions-4.1.0.jar:/Users/jaydave/.m2/repository/io/cucumber/cucumber-expressions/15.1.1/cucumber-expressions-15.1.1.jar:/Users/jaydave/.m2/repository/io/cucumber/datatable/7.3.2/datatable-7.3.2.jar:/Users/jaydave/.m2/repository/io/cucumber/cucumber-plugin/7.3.2/cucumber-plugin-7.3.2.jar:/Users/jaydave/.m2/repository/io/cucumber/docstring/7.3.2/docstring-7.3.2.jar:/Users/jaydave/.m2/repository/io/cucumber/html-formatter/19.1.0/html-formatter-19.1.0.jar:/Users/jaydave/.m2/repository/io/cucumber/ci-environment/9.0.4/ci-environment-9.0.4.jar:/Users/jaydave/.m2/repository/org/apiguardian/apiguardian-api/1.1.2/apiguardian-api-1.1.2.jar:/Users/jaydave/.m2/repository/junit/junit/4.13.2/junit-4.13.2.jar:/Users/jaydave/.m2/repository/org/hamcrest/hamcrest-core/1.3/hamcrest-core-1.3.jar:/Users/jaydave/.m2/repository/org/seleniumhq/selenium/selenium-server/4.0.0-alpha-2/selenium-server-4.0.0-alpha-2.jar:/Users/jaydave/.m2/repository/org/seleniumhq/selenium/selenium-java/4.0.0-alpha-2/selenium-java-4.0.0-alpha-2.jar:/Users/jaydave/.m2/repository/org/seleniumhq/selenium/selenium-chrome-driver/4.0.0-alpha-2/selenium-chrome-driver-4.0.0-alpha-2.jar:/Users/jaydave/.m2/repository/org/seleniumhq/selenium/selenium-chromium-driver/4.0.0-alpha-2/selenium-chromium-driver-4.0.0-alpha-2.jar:/Users/jaydave/.m2/repository/org/seleniumhq/selenium/selenium-edgehtml-driver/4.0.0-alpha-2/selenium-edgehtml-driver-4.0.0-alpha-2.jar:/Users/jaydave/.m2/repository/org/seleniumhq/selenium/selenium-edge-driver/4.0.0-alpha-2/selenium-edge-driver-4.0.0-alpha-2.jar:/Users/jaydave/.m2/repository/org/seleniumhq/selenium/selenium-firefox-xpi-driver/4.0.0-alpha-2/selenium-firefox-xpi-driver-4.0.0-alpha-2.jar:/Users/jaydave/.m2/repository/org/seleniumhq/selenium/selenium-ie-driver/4.0.0-alpha-2/selenium-ie-driver-4.0.0-alpha-2.jar:/Users/jaydave/.m2/repository/org/seleniumhq/selenium/selenium-remote-driver/4.0.0-alpha-2/selenium-remote-driver-4.0.0-alpha-2.jar:/Users/jaydave/.m2/repository/org/seleniumhq/selenium/selenium-api/4.0.0-alpha-2/selenium-api-4.0.0-alpha-2.jar:/Users/jaydave/.m2/repository/net/bytebuddy/byte-buddy/1.9.12/byte-buddy-1.9.12.jar:/Users/jaydave/.m2/repository/org/apache/commons/commons-exec/1.3/commons-exec-1.3.jar:/Users/jaydave/.m2/repository/io/opentracing/contrib/opentracing-tracerresolver/0.1.7/opentracing-tracerresolver-0.1.7.jar:/Users/jaydave/.m2/repository/io/opentracing/opentracing-api/0.33.0/opentracing-api-0.33.0.jar:/Users/jaydave/.m2/repository/com/squareup/okhttp3/okhttp/3.14.0/okhttp-3.14.0.jar:/Users/jaydave/.m2/repository/com/squareup/okio/okio/1.17.2/okio-1.17.2.jar:/Users/jaydave/.m2/repository/io/opentracing/opentracing-util/0.33.0/opentracing-util-0.33.0.jar:/Users/jaydave/.m2/repository/io/opentracing/opentracing-noop/0.33.0/opentracing-noop-0.33.0.jar:/Users/jaydave/.m2/repository/org/seleniumhq/selenium/selenium-opera-driver/4.0.0-alpha-2/selenium-opera-driver-4.0.0-alpha-2.jar:/Users/jaydave/.m2/repository/org/seleniumhq/selenium/selenium-safari-driver/4.0.0-alpha-2/selenium-safari-driver-4.0.0-alpha-2.jar:/Users/jaydave/.m2/repository/org/seleniumhq/selenium/selenium-support/4.0.0-alpha-2/selenium-support-4.0.0-alpha-2.jar:/Users/jaydave/.m2/repository/org/seleniumhq/selenium/grid/4.0.0-alpha-2/grid-4.0.0-alpha-2.jar:/Users/jaydave/.m2/repository/org/seleniumhq/selenium/selenium-firefox-driver/4.0.0-alpha-2/selenium-firefox-driver-4.0.0-alpha-2.jar:/Users/jaydave/.m2/repository/com/beust/jcommander/1.72/jcommander-1.72.jar:/Users/jaydave/.m2/repository/org/seleniumhq/selenium/jetty-repacked/9.4.12.v20180830.1/jetty-repacked-9.4.12.v20180830.1.jar:/Users/jaydave/.m2/repository/javax/servlet/javax.servlet-api/3.1.0/javax.servlet-api-3.1.0.jar:/Users/jaydave/.m2/repository/org/zeromq/jeromq/0.5.1/jeromq-0.5.1.jar:/Users/jaydave/.m2/repository/eu/neilalexander/jnacl/1.0.0/jnacl-1.0.0.jar:/Users/jaydave/.m2/repository/net/jcip/jcip-annotations/1.0/jcip-annotations-1.0.jar:/Users/jaydave/.m2/repository/org/yaml/snakeyaml/1.24/snakeyaml-1.24.jar:/Users/jaydave/.m2/repository/io/cucumber/gherkin/23.0.1/gherkin-23.0.1.jar:/Users/jaydave/.m2/repository/io/cucumber/messages/18.0.0/messages-18.0.0.jar:/Users/jaydave/.m2/repository/net/masterthought/cucumber-reporting/5.7.0/cucumber-reporting-5.7.0.jar:/Users/jaydave/.m2/repository/com/fasterxml/jackson/core/jackson-databind/2.13.0/jackson-databind-2.13.0.jar:/Users/jaydave/.m2/repository/com/fasterxml/jackson/core/jackson-annotations/2.13.0/jackson-annotations-2.13.0.jar:/Users/jaydave/.m2/repository/com/fasterxml/jackson/core/jackson-core/2.13.0/jackson-core-2.13.0.jar:/Users/jaydave/.m2/repository/com/fasterxml/jackson/datatype/jackson-datatype-jsr310/2.13.0/jackson-datatype-jsr310-2.13.0.jar:/Users/jaydave/.m2/repository/org/apache/velocity/velocity-engine-core/2.3/velocity-engine-core-2.3.jar:/Users/jaydave/.m2/repository/org/slf4j/slf4j-api/1.7.30/slf4j-api-1.7.30.jar:/Users/jaydave/.m2/repository/commons-collections/commons-collections/3.2.2/commons-collections-3.2.2.jar:/Users/jaydave/.m2/repository/joda-time/joda-time/2.10.10/joda-time-2.10.10.jar:/Users/jaydave/.m2/repository/org/apache/commons/commons-lang3/3.12.0/commons-lang3-3.12.0.jar:/Users/jaydave/.m2/repository/commons-io/commons-io/2.7/commons-io-2.7.jar:/Users/jaydave/.m2/repository/org/codehaus/plexus/plexus-utils/3.3.0/plexus-utils-3.3.0.jar:/Users/jaydave/.m2/repository/org/jsoup/jsoup/1.14.2/jsoup-1.14.2.jar:/Users/jaydave/.m2/repository/com/google/guava/guava/30.1.1-jre/guava-30.1.1-jre.jar:/Users/jaydave/.m2/repository/com/google/guava/failureaccess/1.0.1/failureaccess-1.0.1.jar:/Users/jaydave/.m2/repository/com/google/guava/listenablefuture/9999.0-empty-to-avoid-conflict-with-guava/listenablefuture-9999.0-empty-to-avoid-conflict-with-guava.jar:/Users/jaydave/.m2/repository/com/google/code/findbugs/jsr305/3.0.2/jsr305-3.0.2.jar:/Users/jaydave/.m2/repository/org/checkerframework/checker-qual/3.8.0/checker-qual-3.8.0.jar:/Users/jaydave/.m2/repository/com/google/errorprone/error_prone_annotations/2.5.1/error_prone_annotations-2.5.1.jar:/Users/jaydave/.m2/repository/com/google/j2objc/j2objc-annotations/1.3/j2objc-annotations-1.3.jar:/Users/jaydave/.m2/repository/com/googlecode/owasp-java-html-sanitizer/owasp-java-html-sanitizer/20211018.2/owasp-java-html-sanitizer-20211018.2.jar:/Users/jaydave/.m2/repository/commons-configuration/commons-configuration/1.10/commons-configuration-1.10.jar:/Users/jaydave/.m2/repository/commons-lang/commons-lang/2.6/commons-lang-2.6.jar:/Users/jaydave/.m2/repository/commons-logging/commons-logging/1.1.1/commons-logging-1.1.1.jar:/Users/jaydave/.m2/repository/io/cucumber/cucumber-junit/7.3.2/cucumber-junit-7.3.2.jar:/Users/jaydave/.m2/repository/io/cucumber/cucumber-jvm-deps/1.0.6/cucumber-jvm-deps-1.0.6.jar:"/>
    <property name="sun.cpu.endian" value="little"/>
    <property name="user.home" value="/Users/jaydave"/>
    <property name="user.language" value="en"/>
    <property name="java.specification.vendor" value="Oracle Corporation"/>
    <property name="java.version.date" value="2022-03-22"/>
    <property name="java.home" value="/Library/Java/JavaVirtualMachines/jdk-18.jdk/Contents/Home"/>
    <property name="file.separator" value="/"/>
    <property name="basedir" value="/Users/jaydave/eclipse-workspace/CucumberPracticeproject1"/>
    <property name="java.vm.compressedOopsMode" value="Zero based"/>
    <property name="line.separator" value="&#10;"/>
    <property name="java.specification.name" value="Java Platform API Specification"/>
    <property name="java.vm.specification.vendor" value="Oracle Corporation"/>
    <property name="apple.awt.application.name" value="ForkedBooter"/>
    <property name="surefire.real.class.path" value="/Users/jaydave/eclipse-workspace/CucumberPracticeproject1/target/surefire/surefirebooter15503957637219168561.jar"/>
    <property name="sun.management.compiler" value="HotSpot 64-Bit Tiered Compilers"/>
    <property name="ftp.nonProxyHosts" value="local|*.local|169.254/16|*.169.254/16"/>
    <property name="java.runtime.version" value="18+36-2087"/>
    <property name="user.name" value="jaydave"/>
    <property name="path.separator" value=":"/>
    <property name="os.version" value="12.2"/>
    <property name="java.runtime.name" value="Java(TM) SE Runtime Environment"/>
    <property name="file.encoding" value="UTF-8"/>
    <property name="java.vm.name" value="Java HotSpot(TM) 64-Bit Server VM"/>
    <property name="localRepository" value="/Users/jaydave/.m2/repository"/>
    <property name="java.vendor.url.bug" value="https://bugreport.java.com/bugreport/"/>
    <property name="java.io.tmpdir" value="/var/folders/_b/4_c7vc6x0xx872wghfjgqty00000gn/T/"/>
    <property name="java.version" value="18"/>
    <property name="user.dir" value="/Users/jaydave/eclipse-workspace/CucumberPracticeproject1"/>
    <property name="os.arch" value="x86_64"/>
    <property name="java.vm.specification.name" value="Java Virtual Machine Specification"/>
    <property name="native.encoding" value="UTF-8"/>
    <property name="java.library.path" value="/Users/jaydave/Library/Java/Extensions:/Library/Java/Extensions:/Network/Library/Java/Extensions:/System/Library/Java/Extensions:/usr/lib/java:."/>
    <property name="java.vm.info" value="mixed mode, sharing"/>
    <property name="java.vendor" value="Oracle Corporation"/>
    <property name="java.vm.version" value="18+36-2087"/>
    <property name="sun.io.unicode.encoding" value="UnicodeBig"/>
    <property name="socksNonProxyHosts" value="local|*.local|169.254/16|*.169.254/16"/>
    <property name="java.class.version" value="62.0"/>
  </properties>
  <testcase name="Scotia bank Login Test Scenario" classname="Scotia bank Login" time="10.192">
    <system-out><![CDATA[
Scenario: Scotia bank Login Test Scenario                     &amp#27;[90m# src/test/java/features/login.feature:23&amp#27;[0m
Step1: User is already on Login Page
  &amp#27;[32mGiven &amp#27;[0m&amp#27;[32mUser is already on Login Page&amp#27;[0m                         &amp#27;[90m# stepDefinations.LoginStepsDefination.user_is_already_on_Login_Page()&amp#27;[0m
Step2:title of login page is Sign in | Scotiabank
Sign in | Scotiabank
Sign in | Scotiabank
  &amp#27;[32mWhen &amp#27;[0m&amp#27;[32mtitle of login page is "&amp#27;[0m&amp#27;[32m&amp#27;[1mSign in | Scotiabank&amp#27;[0m&amp#27;[32m"&amp#27;[0m          &amp#27;[90m# stepDefinations.LoginStepsDefination.title_of_login_page_is(java.lang.String)&amp#27;[0m
Step3:User enters emailid and password
  &amp#27;[32mThen &amp#27;[0m&amp#27;[32muser enters "&amp#27;[0m&amp#27;[32m&amp#27;[1mdfgfsshdghgsdhgsh@#$&amp#27;[0m&amp#27;[32m" and "&amp#27;[0m&amp#27;[32m&amp#27;[1mgrtreweriddhi&amp#27;[0m&amp#27;[32m"&amp#27;[0m &amp#27;[90m# stepDefinations.LoginStepsDefination.user_enters_and(java.lang.String,java.lang.String)&amp#27;[0m
Step4:User click on login Button
  &amp#27;[32mThen &amp#27;[0m&amp#27;[32muser clicks on login button&amp#27;[0m                            &amp#27;[90m# stepDefinations.LoginStepsDefination.user_clicks_on_login_button()&amp#27;[0m
Step5:User get the error
Please enter a username or card number without special characters.
Please enter a username or card number without special characters.
  &amp#27;[32mThen &amp#27;[0m&amp#27;[32muser get global error&amp#27;[0m                                  &amp#27;[90m# stepDefinations.LoginStepsDefination.user_get_global_error()&amp#27;[0m
Step6:User quit
  &amp#27;[32mThen &amp#27;[0m&amp#27;[32muser quit&amp#27;[0m                                              &amp#27;[90m# stepDefinations.LoginStepsDefination.user_quit()&amp#27;[0m
]]></system-out>
    <system-err><![CDATA[1651169078092	geckodriver	INFO	Listening on 127.0.0.1:31430
1651169078317	mozrunner::runner	INFO	Running command: "/Applications/Firefox.app/Contents/MacOS/firefox-bin" "--marionette" "-foreground" "-no-remote" "-profile" "/var/folders/_b/4_c7vc6x0xx872wghfjgqty00000gn/T/rust_mozprofileIdISYP"
1651169079424	Marionette	INFO	Marionette enabled
console.warn: SearchSettings: "get: No settings file exists, new profile?" (new NotFoundError("Could not open the file at /var/folders/_b/4_c7vc6x0xx872wghfjgqty00000gn/T/rust_mozprofileIdISYP/search.json.mozlz4", (void 0)))
console.error: BackgroundUpdate: 
  _reasonsToNotScheduleUpdates: Failed to check for Maintenance Service Registry Key: [Exception... "Component returned failure code: 0x80004001 (NS_ERROR_NOT_IMPLEMENTED) [nsIUpdateProcessor.getServiceRegKeyExists]"  nsresult: "0x80004001 (NS_ERROR_NOT_IMPLEMENTED)"  location: "JS frame :: resource://gre/modules/BackgroundUpdate.jsm :: _reasonsToNotScheduleUpdates :: line 241"  data: no]
1651169081606	Marionette	INFO	Listening on port 60554
1651169081666	RemoteAgent	WARN	TLS certificate errors will be ignored for this session
Apr. 28, 2022 2:04:41 P.M. org.openqa.selenium.remote.ProtocolHandshake createSession
INFO: Detected dialect: W3C
console.warn: LoginRecipes: "getRecipes: falling back to a synchronous message for:" "https://auth.scotiaonline.scotiabank.com"
1651169087244	Marionette	INFO	Stopped listening on port 60554

###!!! [Parent][PContentParent] Error: Send(msgname=PContent::Msg_DestroyBrowsingContextGroup) Closed channel: cannot send/recv


###!!! [Parent][PImageBridgeParent] Error: RunMessage(msgname=PImageBridge::Msg_WillClose) Channel closing: too late to send/recv, messages will be lost

]]></system-err>
  </testcase>
</testsuite>